<?xml version="1.0" encoding="UTF-8"?>
<!-- Generated by org.testng.reporters.JUnitReportReporter -->
<testsuite hostname="Juliyas-MacBook.local" failures="0" tests="2" name="test.NewTest1" time="18.743" errors="0" timestamp="25 Dec 2018 02:27:01 GMT" skipped="0">
  <testcase classname="test.NewTest1" name="main" time="9.510"/>
  <testcase classname="test.NewTest1" name="main" time="9.233"/>
</testsuite> <!-- test.NewTest1 -->
