<?xml version="1.0" encoding="UTF-8"?>
<!-- Generated by org.testng.reporters.JUnitReportReporter -->
<testsuite hostname="Juliyas-MacBook.local" failures="0" tests="2" name="test.NewTest1" time="21.326" errors="0" timestamp="25 Dec 2018 03:02:31 GMT" skipped="0">
  <testcase classname="test.NewTest1" name="main" time="10.731"/>
  <testcase classname="test.NewTest1" name="main" time="10.595"/>
</testsuite> <!-- test.NewTest1 -->
